{
  "/Users/leo/Documents/UTC/SR10/website/app.js": {
    "path": "/Users/leo/Documents/UTC/SR10/website/app.js",
    "statementMap": {
      "0": {
        "start": { "line": 1, "column": 18 },
        "end": { "line": 1, "column": 40 }
      },
      "1": {
        "start": { "line": 2, "column": 14 },
        "end": { "line": 2, "column": 32 }
      },
      "2": {
        "start": { "line": 3, "column": 11 },
        "end": { "line": 3, "column": 26 }
      },
      "3": {
        "start": { "line": 4, "column": 19 },
        "end": { "line": 4, "column": 43 }
      },
      "4": {
        "start": { "line": 5, "column": 13 },
        "end": { "line": 5, "column": 30 }
      },
      "5": {
        "start": { "line": 6, "column": 0 },
        "end": { "line": 6, "column": 26 }
      },
      "6": {
        "start": { "line": 9, "column": 18 },
        "end": { "line": 9, "column": 43 }
      },
      "7": {
        "start": { "line": 10, "column": 18 },
        "end": { "line": 10, "column": 43 }
      },
      "8": {
        "start": { "line": 11, "column": 22 },
        "end": { "line": 11, "column": 51 }
      },
      "9": {
        "start": { "line": 13, "column": 10 },
        "end": { "line": 13, "column": 19 }
      },
      "10": {
        "start": { "line": 16, "column": 0 },
        "end": { "line": 16, "column": 48 }
      },
      "11": {
        "start": { "line": 17, "column": 0 },
        "end": { "line": 17, "column": 30 }
      },
      "12": {
        "start": { "line": 19, "column": 0 },
        "end": { "line": 19, "column": 23 }
      },
      "13": {
        "start": { "line": 20, "column": 0 },
        "end": { "line": 20, "column": 24 }
      },
      "14": {
        "start": { "line": 21, "column": 0 },
        "end": { "line": 21, "column": 49 }
      },
      "15": {
        "start": { "line": 22, "column": 0 },
        "end": { "line": 22, "column": 24 }
      },
      "16": {
        "start": { "line": 23, "column": 0 },
        "end": { "line": 23, "column": 56 }
      },
      "17": {
        "start": { "line": 25, "column": 0 },
        "end": { "line": 25, "column": 26 }
      },
      "18": {
        "start": { "line": 26, "column": 0 },
        "end": { "line": 26, "column": 31 }
      },
      "19": {
        "start": { "line": 27, "column": 0 },
        "end": { "line": 27, "column": 39 }
      },
      "20": {
        "start": { "line": 31, "column": 0 },
        "end": { "line": 33, "column": 3 }
      },
      "21": {
        "start": { "line": 32, "column": 2 },
        "end": { "line": 32, "column": 25 }
      },
      "22": {
        "start": { "line": 36, "column": 0 },
        "end": { "line": 44, "column": 3 }
      },
      "23": {
        "start": { "line": 38, "column": 2 },
        "end": { "line": 38, "column": 35 }
      },
      "24": {
        "start": { "line": 39, "column": 2 },
        "end": { "line": 39, "column": 69 }
      },
      "25": {
        "start": { "line": 42, "column": 2 },
        "end": { "line": 42, "column": 32 }
      },
      "26": {
        "start": { "line": 43, "column": 2 },
        "end": { "line": 43, "column": 22 }
      },
      "27": {
        "start": { "line": 46, "column": 0 },
        "end": { "line": 46, "column": 21 }
      }
    },
    "fnMap": {
      "0": {
        "name": "(anonymous_0)",
        "decl": {
          "start": { "line": 31, "column": 8 },
          "end": { "line": 31, "column": 9 }
        },
        "loc": {
          "start": { "line": 31, "column": 33 },
          "end": { "line": 33, "column": 1 }
        },
        "line": 31
      },
      "1": {
        "name": "(anonymous_1)",
        "decl": {
          "start": { "line": 36, "column": 8 },
          "end": { "line": 36, "column": 9 }
        },
        "loc": {
          "start": { "line": 36, "column": 38 },
          "end": { "line": 44, "column": 1 }
        },
        "line": 36
      }
    },
    "branchMap": {
      "0": {
        "loc": {
          "start": { "line": 39, "column": 21 },
          "end": { "line": 39, "column": 68 }
        },
        "type": "cond-expr",
        "locations": [
          {
            "start": { "line": 39, "column": 60 },
            "end": { "line": 39, "column": 63 }
          },
          {
            "start": { "line": 39, "column": 66 },
            "end": { "line": 39, "column": 68 }
          }
        ],
        "line": 39
      },
      "1": {
        "loc": {
          "start": { "line": 42, "column": 13 },
          "end": { "line": 42, "column": 30 }
        },
        "type": "binary-expr",
        "locations": [
          {
            "start": { "line": 42, "column": 13 },
            "end": { "line": 42, "column": 23 }
          },
          {
            "start": { "line": 42, "column": 27 },
            "end": { "line": 42, "column": 30 }
          }
        ],
        "line": 42
      }
    },
    "s": {
      "0": 1,
      "1": 1,
      "2": 1,
      "3": 1,
      "4": 1,
      "5": 1,
      "6": 1,
      "7": 1,
      "8": 1,
      "9": 1,
      "10": 1,
      "11": 1,
      "12": 1,
      "13": 1,
      "14": 1,
      "15": 1,
      "16": 1,
      "17": 1,
      "18": 1,
      "19": 1,
      "20": 1,
      "21": 0,
      "22": 1,
      "23": 0,
      "24": 0,
      "25": 0,
      "26": 0,
      "27": 1
    },
    "f": { "0": 0, "1": 0 },
    "b": { "0": [0, 0], "1": [0, 0] },
    "_coverageSchema": "1a1c01bbd47fc00a2c39e90264f33305004495a9",
    "hash": "a95d884180bbdb9d4611ab75a09bf25b858901cf"
  },
  "/Users/leo/Documents/UTC/SR10/website/model/db.js": {
    "path": "/Users/leo/Documents/UTC/SR10/website/model/db.js",
    "statementMap": {
      "0": {
        "start": { "line": 1, "column": 12 },
        "end": { "line": 1, "column": 28 }
      },
      "1": {
        "start": { "line": 2, "column": 0 },
        "end": { "line": 2, "column": 26 }
      },
      "2": {
        "start": { "line": 3, "column": 11 },
        "end": { "line": 8, "column": 2 }
      },
      "3": {
        "start": { "line": 9, "column": 0 },
        "end": { "line": 9, "column": 22 }
      }
    },
    "fnMap": {},
    "branchMap": {},
    "s": { "0": 2, "1": 2, "2": 2, "3": 2 },
    "f": {},
    "b": {},
    "_coverageSchema": "1a1c01bbd47fc00a2c39e90264f33305004495a9",
    "hash": "73e048b8002b855589a411b67a7bfd91a6a1ccec"
  },
  "/Users/leo/Documents/UTC/SR10/website/model/offer.js": {
    "path": "/Users/leo/Documents/UTC/SR10/website/model/offer.js",
    "statementMap": {
      "0": {
        "start": { "line": 1, "column": 9 },
        "end": { "line": 1, "column": 27 }
      },
      "1": {
        "start": { "line": 2, "column": 4 },
        "end": { "line": 33, "column": 1 }
      },
      "2": {
        "start": { "line": 6, "column": 8 },
        "end": { "line": 10, "column": 11 }
      },
      "3": {
        "start": { "line": 8, "column": 12 },
        "end": { "line": 8, "column": 31 }
      },
      "4": {
        "start": { "line": 8, "column": 21 },
        "end": { "line": 8, "column": 31 }
      },
      "5": {
        "start": { "line": 9, "column": 12 },
        "end": { "line": 9, "column": 30 }
      },
      "6": {
        "start": { "line": 14, "column": 8 },
        "end": { "line": 17, "column": 11 }
      },
      "7": {
        "start": { "line": 15, "column": 12 },
        "end": { "line": 15, "column": 31 }
      },
      "8": {
        "start": { "line": 15, "column": 21 },
        "end": { "line": 15, "column": 31 }
      },
      "9": {
        "start": { "line": 16, "column": 12 },
        "end": { "line": 16, "column": 30 }
      },
      "10": {
        "start": { "line": 21, "column": 8 },
        "end": { "line": 21, "column": 65 }
      },
      "11": {
        "start": { "line": 22, "column": 8 },
        "end": { "line": 29, "column": 11 }
      },
      "12": {
        "start": { "line": 23, "column": 12 },
        "end": { "line": 23, "column": 31 }
      },
      "13": {
        "start": { "line": 23, "column": 21 },
        "end": { "line": 23, "column": 31 }
      },
      "14": {
        "start": { "line": 24, "column": 12 },
        "end": { "line": 28, "column": 13 }
      },
      "15": {
        "start": { "line": 25, "column": 16 },
        "end": { "line": 25, "column": 30 }
      },
      "16": {
        "start": { "line": 27, "column": 16 },
        "end": { "line": 27, "column": 32 }
      }
    },
    "fnMap": {
      "0": {
        "name": "(anonymous_0)",
        "decl": {
          "start": { "line": 5, "column": 10 },
          "end": { "line": 5, "column": 11 }
        },
        "loc": {
          "start": { "line": 5, "column": 34 },
          "end": { "line": 11, "column": 5 }
        },
        "line": 5
      },
      "1": {
        "name": "(anonymous_1)",
        "decl": {
          "start": { "line": 6, "column": 164 },
          "end": { "line": 6, "column": 165 }
        },
        "loc": {
          "start": { "line": 7, "column": 23 },
          "end": { "line": 10, "column": 9 }
        },
        "line": 7
      },
      "2": {
        "name": "(anonymous_2)",
        "decl": {
          "start": { "line": 13, "column": 13 },
          "end": { "line": 13, "column": 14 }
        },
        "loc": {
          "start": { "line": 13, "column": 40 },
          "end": { "line": 18, "column": 5 }
        },
        "line": 13
      },
      "3": {
        "name": "(anonymous_3)",
        "decl": {
          "start": { "line": 14, "column": 630 },
          "end": { "line": 14, "column": 631 }
        },
        "loc": {
          "start": { "line": 14, "column": 654 },
          "end": { "line": 17, "column": 9 }
        },
        "line": 14
      },
      "4": {
        "name": "(anonymous_4)",
        "decl": {
          "start": { "line": 20, "column": 14 },
          "end": { "line": 20, "column": 15 }
        },
        "loc": {
          "start": { "line": 20, "column": 51 },
          "end": { "line": 30, "column": 5 }
        },
        "line": 20
      },
      "5": {
        "name": "(anonymous_5)",
        "decl": {
          "start": { "line": 22, "column": 36 },
          "end": { "line": 22, "column": 37 }
        },
        "loc": {
          "start": { "line": 22, "column": 60 },
          "end": { "line": 29, "column": 9 }
        },
        "line": 22
      }
    },
    "branchMap": {
      "0": {
        "loc": {
          "start": { "line": 8, "column": 12 },
          "end": { "line": 8, "column": 31 }
        },
        "type": "if",
        "locations": [
          {
            "start": { "line": 8, "column": 12 },
            "end": { "line": 8, "column": 31 }
          },
          { "start": {}, "end": {} }
        ],
        "line": 8
      },
      "1": {
        "loc": {
          "start": { "line": 15, "column": 12 },
          "end": { "line": 15, "column": 31 }
        },
        "type": "if",
        "locations": [
          {
            "start": { "line": 15, "column": 12 },
            "end": { "line": 15, "column": 31 }
          },
          { "start": {}, "end": {} }
        ],
        "line": 15
      },
      "2": {
        "loc": {
          "start": { "line": 23, "column": 12 },
          "end": { "line": 23, "column": 31 }
        },
        "type": "if",
        "locations": [
          {
            "start": { "line": 23, "column": 12 },
            "end": { "line": 23, "column": 31 }
          },
          { "start": {}, "end": {} }
        ],
        "line": 23
      },
      "3": {
        "loc": {
          "start": { "line": 24, "column": 12 },
          "end": { "line": 28, "column": 13 }
        },
        "type": "if",
        "locations": [
          {
            "start": { "line": 24, "column": 12 },
            "end": { "line": 28, "column": 13 }
          },
          {
            "start": { "line": 26, "column": 19 },
            "end": { "line": 28, "column": 13 }
          }
        ],
        "line": 24
      },
      "4": {
        "loc": {
          "start": { "line": 24, "column": 16 },
          "end": { "line": 24, "column": 60 }
        },
        "type": "binary-expr",
        "locations": [
          {
            "start": { "line": 24, "column": 16 },
            "end": { "line": 24, "column": 32 }
          },
          {
            "start": { "line": 24, "column": 36 },
            "end": { "line": 24, "column": 60 }
          }
        ],
        "line": 24
      }
    },
    "s": {
      "0": 1,
      "1": 1,
      "2": 0,
      "3": 0,
      "4": 0,
      "5": 0,
      "6": 0,
      "7": 0,
      "8": 0,
      "9": 0,
      "10": 0,
      "11": 0,
      "12": 0,
      "13": 0,
      "14": 0,
      "15": 0,
      "16": 0
    },
    "f": { "0": 0, "1": 0, "2": 0, "3": 0, "4": 0, "5": 0 },
    "b": { "0": [0, 0], "1": [0, 0], "2": [0, 0], "3": [0, 0], "4": [0, 0] },
    "_coverageSchema": "1a1c01bbd47fc00a2c39e90264f33305004495a9",
    "hash": "f18a511394e6c17050b7bbe3b16cf70d229aa43d"
  },
  "/Users/leo/Documents/UTC/SR10/website/model/recruteur.js": {
    "path": "/Users/leo/Documents/UTC/SR10/website/model/recruteur.js",
    "statementMap": {
      "0": {
        "start": { "line": 1, "column": 9 },
        "end": { "line": 1, "column": 27 }
      },
      "1": {
        "start": { "line": 2, "column": 4 },
        "end": { "line": 36, "column": 1 }
      },
      "2": {
        "start": { "line": 5, "column": 8 },
        "end": { "line": 9, "column": 11 }
      },
      "3": {
        "start": { "line": 7, "column": 12 },
        "end": { "line": 7, "column": 31 }
      },
      "4": {
        "start": { "line": 7, "column": 21 },
        "end": { "line": 7, "column": 31 }
      },
      "5": {
        "start": { "line": 8, "column": 12 },
        "end": { "line": 8, "column": 30 }
      },
      "6": {
        "start": { "line": 12, "column": 8 },
        "end": { "line": 16, "column": 11 }
      },
      "7": {
        "start": { "line": 14, "column": 12 },
        "end": { "line": 14, "column": 31 }
      },
      "8": {
        "start": { "line": 14, "column": 21 },
        "end": { "line": 14, "column": 31 }
      },
      "9": {
        "start": { "line": 15, "column": 12 },
        "end": { "line": 15, "column": 30 }
      },
      "10": {
        "start": { "line": 20, "column": 8 },
        "end": { "line": 24, "column": 11 }
      },
      "11": {
        "start": { "line": 22, "column": 12 },
        "end": { "line": 22, "column": 31 }
      },
      "12": {
        "start": { "line": 22, "column": 21 },
        "end": { "line": 22, "column": 31 }
      },
      "13": {
        "start": { "line": 23, "column": 12 },
        "end": { "line": 23, "column": 30 }
      },
      "14": {
        "start": { "line": 28, "column": 8 },
        "end": { "line": 32, "column": 11 }
      },
      "15": {
        "start": { "line": 30, "column": 12 },
        "end": { "line": 30, "column": 31 }
      },
      "16": {
        "start": { "line": 30, "column": 21 },
        "end": { "line": 30, "column": 31 }
      },
      "17": {
        "start": { "line": 31, "column": 12 },
        "end": { "line": 31, "column": 30 }
      }
    },
    "fnMap": {
      "0": {
        "name": "(anonymous_0)",
        "decl": {
          "start": { "line": 4, "column": 22 },
          "end": { "line": 4, "column": 23 }
        },
        "loc": {
          "start": { "line": 4, "column": 50 },
          "end": { "line": 10, "column": 5 }
        },
        "line": 4
      },
      "1": {
        "name": "(anonymous_1)",
        "decl": {
          "start": { "line": 5, "column": 453 },
          "end": { "line": 5, "column": 454 }
        },
        "loc": {
          "start": { "line": 6, "column": 23 },
          "end": { "line": 9, "column": 9 }
        },
        "line": 6
      },
      "2": {
        "name": "(anonymous_2)",
        "decl": {
          "start": { "line": 11, "column": 22 },
          "end": { "line": 11, "column": 23 }
        },
        "loc": {
          "start": { "line": 11, "column": 46 },
          "end": { "line": 17, "column": 5 }
        },
        "line": 11
      },
      "3": {
        "name": "(anonymous_3)",
        "decl": {
          "start": { "line": 12, "column": 164 },
          "end": { "line": 12, "column": 165 }
        },
        "loc": {
          "start": { "line": 13, "column": 23 },
          "end": { "line": 16, "column": 9 }
        },
        "line": 13
      },
      "4": {
        "name": "(anonymous_4)",
        "decl": {
          "start": { "line": 19, "column": 21 },
          "end": { "line": 19, "column": 22 }
        },
        "loc": {
          "start": { "line": 19, "column": 61 },
          "end": { "line": 25, "column": 5 }
        },
        "line": 19
      },
      "5": {
        "name": "(anonymous_5)",
        "decl": {
          "start": { "line": 20, "column": 415 },
          "end": { "line": 20, "column": 416 }
        },
        "loc": {
          "start": { "line": 21, "column": 23 },
          "end": { "line": 24, "column": 9 }
        },
        "line": 21
      },
      "6": {
        "name": "(anonymous_6)",
        "decl": {
          "start": { "line": 27, "column": 24 },
          "end": { "line": 27, "column": 25 }
        },
        "loc": {
          "start": { "line": 27, "column": 48 },
          "end": { "line": 33, "column": 5 }
        },
        "line": 27
      },
      "7": {
        "name": "(anonymous_7)",
        "decl": {
          "start": { "line": 28, "column": 195 },
          "end": { "line": 28, "column": 196 }
        },
        "loc": {
          "start": { "line": 29, "column": 23 },
          "end": { "line": 32, "column": 9 }
        },
        "line": 29
      }
    },
    "branchMap": {
      "0": {
        "loc": {
          "start": { "line": 7, "column": 12 },
          "end": { "line": 7, "column": 31 }
        },
        "type": "if",
        "locations": [
          {
            "start": { "line": 7, "column": 12 },
            "end": { "line": 7, "column": 31 }
          },
          { "start": {}, "end": {} }
        ],
        "line": 7
      },
      "1": {
        "loc": {
          "start": { "line": 14, "column": 12 },
          "end": { "line": 14, "column": 31 }
        },
        "type": "if",
        "locations": [
          {
            "start": { "line": 14, "column": 12 },
            "end": { "line": 14, "column": 31 }
          },
          { "start": {}, "end": {} }
        ],
        "line": 14
      },
      "2": {
        "loc": {
          "start": { "line": 22, "column": 12 },
          "end": { "line": 22, "column": 31 }
        },
        "type": "if",
        "locations": [
          {
            "start": { "line": 22, "column": 12 },
            "end": { "line": 22, "column": 31 }
          },
          { "start": {}, "end": {} }
        ],
        "line": 22
      },
      "3": {
        "loc": {
          "start": { "line": 30, "column": 12 },
          "end": { "line": 30, "column": 31 }
        },
        "type": "if",
        "locations": [
          {
            "start": { "line": 30, "column": 12 },
            "end": { "line": 30, "column": 31 }
          },
          { "start": {}, "end": {} }
        ],
        "line": 30
      }
    },
    "s": {
      "0": 1,
      "1": 1,
      "2": 0,
      "3": 0,
      "4": 0,
      "5": 0,
      "6": 0,
      "7": 0,
      "8": 0,
      "9": 0,
      "10": 0,
      "11": 0,
      "12": 0,
      "13": 0,
      "14": 0,
      "15": 0,
      "16": 0,
      "17": 0
    },
    "f": { "0": 0, "1": 0, "2": 0, "3": 0, "4": 0, "5": 0, "6": 0, "7": 0 },
    "b": { "0": [0, 0], "1": [0, 0], "2": [0, 0], "3": [0, 0] },
    "_coverageSchema": "1a1c01bbd47fc00a2c39e90264f33305004495a9",
    "hash": "acef3179e3430040f59d157de48e3d738ef6d8a1"
  },
  "/Users/leo/Documents/UTC/SR10/website/model/user.js": {
    "path": "/Users/leo/Documents/UTC/SR10/website/model/user.js",
    "statementMap": {
      "0": {
        "start": { "line": 1, "column": 9 },
        "end": { "line": 1, "column": 27 }
      },
      "1": {
        "start": { "line": 2, "column": 4 },
        "end": { "line": 35, "column": 1 }
      },
      "2": {
        "start": { "line": 4, "column": 8 },
        "end": { "line": 8, "column": 11 }
      },
      "3": {
        "start": { "line": 6, "column": 12 },
        "end": { "line": 6, "column": 31 }
      },
      "4": {
        "start": { "line": 6, "column": 21 },
        "end": { "line": 6, "column": 31 }
      },
      "5": {
        "start": { "line": 7, "column": 12 },
        "end": { "line": 7, "column": 30 }
      },
      "6": {
        "start": { "line": 11, "column": 8 },
        "end": { "line": 14, "column": 11 }
      },
      "7": {
        "start": { "line": 12, "column": 12 },
        "end": { "line": 12, "column": 31 }
      },
      "8": {
        "start": { "line": 12, "column": 21 },
        "end": { "line": 12, "column": 31 }
      },
      "9": {
        "start": { "line": 13, "column": 12 },
        "end": { "line": 13, "column": 30 }
      },
      "10": {
        "start": { "line": 17, "column": 8 },
        "end": { "line": 17, "column": 65 }
      },
      "11": {
        "start": { "line": 18, "column": 8 },
        "end": { "line": 25, "column": 11 }
      },
      "12": {
        "start": { "line": 19, "column": 12 },
        "end": { "line": 19, "column": 31 }
      },
      "13": {
        "start": { "line": 19, "column": 21 },
        "end": { "line": 19, "column": 31 }
      },
      "14": {
        "start": { "line": 20, "column": 12 },
        "end": { "line": 24, "column": 13 }
      },
      "15": {
        "start": { "line": 21, "column": 16 },
        "end": { "line": 21, "column": 30 }
      },
      "16": {
        "start": { "line": 23, "column": 16 },
        "end": { "line": 23, "column": 32 }
      },
      "17": {
        "start": { "line": 28, "column": 8 },
        "end": { "line": 31, "column": 11 }
      },
      "18": {
        "start": { "line": 29, "column": 12 },
        "end": { "line": 29, "column": 31 }
      },
      "19": {
        "start": { "line": 29, "column": 21 },
        "end": { "line": 29, "column": 31 }
      },
      "20": {
        "start": { "line": 30, "column": 12 },
        "end": { "line": 30, "column": 27 }
      }
    },
    "fnMap": {
      "0": {
        "name": "(anonymous_0)",
        "decl": {
          "start": { "line": 3, "column": 10 },
          "end": { "line": 3, "column": 11 }
        },
        "loc": {
          "start": { "line": 3, "column": 37 },
          "end": { "line": 9, "column": 5 }
        },
        "line": 3
      },
      "1": {
        "name": "(anonymous_1)",
        "decl": {
          "start": { "line": 4, "column": 67 },
          "end": { "line": 4, "column": 68 }
        },
        "loc": {
          "start": { "line": 5, "column": 23 },
          "end": { "line": 8, "column": 9 }
        },
        "line": 5
      },
      "2": {
        "name": "(anonymous_2)",
        "decl": {
          "start": { "line": 10, "column": 13 },
          "end": { "line": 10, "column": 14 }
        },
        "loc": {
          "start": { "line": 10, "column": 33 },
          "end": { "line": 15, "column": 5 }
        },
        "line": 10
      },
      "3": {
        "name": "(anonymous_3)",
        "decl": {
          "start": { "line": 11, "column": 46 },
          "end": { "line": 11, "column": 47 }
        },
        "loc": {
          "start": { "line": 11, "column": 70 },
          "end": { "line": 14, "column": 9 }
        },
        "line": 11
      },
      "4": {
        "name": "(anonymous_4)",
        "decl": {
          "start": { "line": 16, "column": 14 },
          "end": { "line": 16, "column": 15 }
        },
        "loc": {
          "start": { "line": 16, "column": 51 },
          "end": { "line": 26, "column": 5 }
        },
        "line": 16
      },
      "5": {
        "name": "(anonymous_5)",
        "decl": {
          "start": { "line": 18, "column": 36 },
          "end": { "line": 18, "column": 37 }
        },
        "loc": {
          "start": { "line": 18, "column": 60 },
          "end": { "line": 25, "column": 9 }
        },
        "line": 18
      },
      "6": {
        "name": "(anonymous_6)",
        "decl": {
          "start": { "line": 27, "column": 12 },
          "end": { "line": 27, "column": 13 }
        },
        "loc": {
          "start": { "line": 27, "column": 67 },
          "end": { "line": 33, "column": 5 }
        },
        "line": 27
      },
      "7": {
        "name": "(anonymous_7)",
        "decl": {
          "start": { "line": 28, "column": 112 },
          "end": { "line": 28, "column": 113 }
        },
        "loc": {
          "start": { "line": 28, "column": 136 },
          "end": { "line": 31, "column": 9 }
        },
        "line": 28
      }
    },
    "branchMap": {
      "0": {
        "loc": {
          "start": { "line": 6, "column": 12 },
          "end": { "line": 6, "column": 31 }
        },
        "type": "if",
        "locations": [
          {
            "start": { "line": 6, "column": 12 },
            "end": { "line": 6, "column": 31 }
          },
          { "start": {}, "end": {} }
        ],
        "line": 6
      },
      "1": {
        "loc": {
          "start": { "line": 12, "column": 12 },
          "end": { "line": 12, "column": 31 }
        },
        "type": "if",
        "locations": [
          {
            "start": { "line": 12, "column": 12 },
            "end": { "line": 12, "column": 31 }
          },
          { "start": {}, "end": {} }
        ],
        "line": 12
      },
      "2": {
        "loc": {
          "start": { "line": 19, "column": 12 },
          "end": { "line": 19, "column": 31 }
        },
        "type": "if",
        "locations": [
          {
            "start": { "line": 19, "column": 12 },
            "end": { "line": 19, "column": 31 }
          },
          { "start": {}, "end": {} }
        ],
        "line": 19
      },
      "3": {
        "loc": {
          "start": { "line": 20, "column": 12 },
          "end": { "line": 24, "column": 13 }
        },
        "type": "if",
        "locations": [
          {
            "start": { "line": 20, "column": 12 },
            "end": { "line": 24, "column": 13 }
          },
          {
            "start": { "line": 22, "column": 19 },
            "end": { "line": 24, "column": 13 }
          }
        ],
        "line": 20
      },
      "4": {
        "loc": {
          "start": { "line": 20, "column": 16 },
          "end": { "line": 20, "column": 60 }
        },
        "type": "binary-expr",
        "locations": [
          {
            "start": { "line": 20, "column": 16 },
            "end": { "line": 20, "column": 32 }
          },
          {
            "start": { "line": 20, "column": 36 },
            "end": { "line": 20, "column": 60 }
          }
        ],
        "line": 20
      },
      "5": {
        "loc": {
          "start": { "line": 29, "column": 12 },
          "end": { "line": 29, "column": 31 }
        },
        "type": "if",
        "locations": [
          {
            "start": { "line": 29, "column": 12 },
            "end": { "line": 29, "column": 31 }
          },
          { "start": {}, "end": {} }
        ],
        "line": 29
      }
    },
    "s": {
      "0": 2,
      "1": 2,
      "2": 1,
      "3": 0,
      "4": 0,
      "5": 0,
      "6": 0,
      "7": 0,
      "8": 0,
      "9": 0,
      "10": 0,
      "11": 0,
      "12": 0,
      "13": 0,
      "14": 0,
      "15": 0,
      "16": 0,
      "17": 0,
      "18": 0,
      "19": 0,
      "20": 0
    },
    "f": { "0": 1, "1": 0, "2": 0, "3": 0, "4": 0, "5": 0, "6": 0, "7": 0 },
    "b": {
      "0": [0, 0],
      "1": [0, 0],
      "2": [0, 0],
      "3": [0, 0],
      "4": [0, 0],
      "5": [0, 0]
    },
    "_coverageSchema": "1a1c01bbd47fc00a2c39e90264f33305004495a9",
    "hash": "b7f8017bf817863738b4b208e053efaba8565a6e"
  },
  "/Users/leo/Documents/UTC/SR10/website/routes/index.js": {
    "path": "/Users/leo/Documents/UTC/SR10/website/routes/index.js",
    "statementMap": {
      "0": {
        "start": { "line": 1, "column": 14 },
        "end": { "line": 1, "column": 32 }
      },
      "1": {
        "start": { "line": 2, "column": 13 },
        "end": { "line": 2, "column": 29 }
      },
      "2": {
        "start": { "line": 5, "column": 0 },
        "end": { "line": 7, "column": 3 }
      },
      "3": {
        "start": { "line": 6, "column": 2 },
        "end": { "line": 6, "column": 45 }
      },
      "4": {
        "start": { "line": 9, "column": 0 },
        "end": { "line": 11, "column": 3 }
      },
      "5": {
        "start": { "line": 10, "column": 2 },
        "end": { "line": 10, "column": 45 }
      },
      "6": {
        "start": { "line": 15, "column": 0 },
        "end": { "line": 15, "column": 24 }
      }
    },
    "fnMap": {
      "0": {
        "name": "(anonymous_0)",
        "decl": {
          "start": { "line": 5, "column": 16 },
          "end": { "line": 5, "column": 17 }
        },
        "loc": {
          "start": { "line": 5, "column": 41 },
          "end": { "line": 7, "column": 1 }
        },
        "line": 5
      },
      "1": {
        "name": "(anonymous_1)",
        "decl": {
          "start": { "line": 9, "column": 21 },
          "end": { "line": 9, "column": 22 }
        },
        "loc": {
          "start": { "line": 9, "column": 47 },
          "end": { "line": 11, "column": 1 }
        },
        "line": 9
      }
    },
    "branchMap": {},
    "s": { "0": 1, "1": 1, "2": 1, "3": 1, "4": 1, "5": 0, "6": 1 },
    "f": { "0": 1, "1": 0 },
    "b": {},
    "_coverageSchema": "1a1c01bbd47fc00a2c39e90264f33305004495a9",
    "hash": "a327126cae7420b0f8e4f0b95d5ee308181d24b1"
  },
  "/Users/leo/Documents/UTC/SR10/website/routes/recruteur.js": {
    "path": "/Users/leo/Documents/UTC/SR10/website/routes/recruteur.js",
    "statementMap": {
      "0": {
        "start": { "line": 1, "column": 14 },
        "end": { "line": 1, "column": 32 }
      },
      "1": {
        "start": { "line": 2, "column": 13 },
        "end": { "line": 2, "column": 29 }
      },
      "2": {
        "start": { "line": 3, "column": 21 },
        "end": { "line": 3, "column": 50 }
      },
      "3": {
        "start": { "line": 4, "column": 17 },
        "end": { "line": 4, "column": 42 }
      },
      "4": {
        "start": { "line": 5, "column": 18 },
        "end": { "line": 5, "column": 47 }
      },
      "5": {
        "start": { "line": 8, "column": 0 },
        "end": { "line": 10, "column": 3 }
      },
      "6": {
        "start": { "line": 9, "column": 2 },
        "end": { "line": 9, "column": 75 }
      },
      "7": {
        "start": { "line": 14, "column": 0 },
        "end": { "line": 19, "column": 3 }
      },
      "8": {
        "start": { "line": 15, "column": 2 },
        "end": { "line": 18, "column": 3 }
      },
      "9": {
        "start": { "line": 16, "column": 2 },
        "end": { "line": 17, "column": 12 }
      },
      "10": {
        "start": { "line": 23, "column": 0 },
        "end": { "line": 28, "column": 3 }
      },
      "11": {
        "start": { "line": 24, "column": 2 },
        "end": { "line": 27, "column": 3 }
      },
      "12": {
        "start": { "line": 25, "column": 2 },
        "end": { "line": 26, "column": 12 }
      },
      "13": {
        "start": { "line": 30, "column": 0 },
        "end": { "line": 36, "column": 3 }
      },
      "14": {
        "start": { "line": 31, "column": 2 },
        "end": { "line": 31, "column": 52 }
      },
      "15": {
        "start": { "line": 32, "column": 2 },
        "end": { "line": 35, "column": 3 }
      },
      "16": {
        "start": { "line": 33, "column": 2 },
        "end": { "line": 34, "column": 12 }
      },
      "17": {
        "start": { "line": 43, "column": 0 },
        "end": { "line": 43, "column": 24 }
      }
    },
    "fnMap": {
      "0": {
        "name": "(anonymous_0)",
        "decl": {
          "start": { "line": 8, "column": 33 },
          "end": { "line": 8, "column": 34 }
        },
        "loc": {
          "start": { "line": 8, "column": 58 },
          "end": { "line": 10, "column": 1 }
        },
        "line": 8
      },
      "1": {
        "name": "(anonymous_1)",
        "decl": {
          "start": { "line": 14, "column": 35 },
          "end": { "line": 14, "column": 36 }
        },
        "loc": {
          "start": { "line": 14, "column": 60 },
          "end": { "line": 19, "column": 1 }
        },
        "line": 14
      },
      "2": {
        "name": "(anonymous_2)",
        "decl": {
          "start": { "line": 15, "column": 54 },
          "end": { "line": 15, "column": 55 }
        },
        "loc": {
          "start": { "line": 15, "column": 70 },
          "end": { "line": 18, "column": 1 }
        },
        "line": 15
      },
      "3": {
        "name": "(anonymous_3)",
        "decl": {
          "start": { "line": 23, "column": 24 },
          "end": { "line": 23, "column": 25 }
        },
        "loc": {
          "start": { "line": 23, "column": 49 },
          "end": { "line": 28, "column": 1 }
        },
        "line": 23
      },
      "4": {
        "name": "(anonymous_4)",
        "decl": {
          "start": { "line": 24, "column": 45 },
          "end": { "line": 24, "column": 46 }
        },
        "loc": {
          "start": { "line": 24, "column": 61 },
          "end": { "line": 27, "column": 1 }
        },
        "line": 24
      },
      "5": {
        "name": "(anonymous_5)",
        "decl": {
          "start": { "line": 30, "column": 30 },
          "end": { "line": 30, "column": 31 }
        },
        "loc": {
          "start": { "line": 30, "column": 55 },
          "end": { "line": 36, "column": 1 }
        },
        "line": 30
      },
      "6": {
        "name": "(anonymous_6)",
        "decl": {
          "start": { "line": 32, "column": 37 },
          "end": { "line": 32, "column": 38 }
        },
        "loc": {
          "start": { "line": 32, "column": 53 },
          "end": { "line": 35, "column": 1 }
        },
        "line": 32
      }
    },
    "branchMap": {},
    "s": {
      "0": 1,
      "1": 1,
      "2": 1,
      "3": 1,
      "4": 1,
      "5": 1,
      "6": 0,
      "7": 1,
      "8": 0,
      "9": 0,
      "10": 1,
      "11": 0,
      "12": 0,
      "13": 1,
      "14": 0,
      "15": 0,
      "16": 0,
      "17": 1
    },
    "f": { "0": 0, "1": 0, "2": 0, "3": 0, "4": 0, "5": 0, "6": 0 },
    "b": {},
    "_coverageSchema": "1a1c01bbd47fc00a2c39e90264f33305004495a9",
    "hash": "92e113f306945edaa73816ccae176ab1b058bf39"
  },
  "/Users/leo/Documents/UTC/SR10/website/routes/users.js": {
    "path": "/Users/leo/Documents/UTC/SR10/website/routes/users.js",
    "statementMap": {
      "0": {
        "start": { "line": 1, "column": 14 },
        "end": { "line": 1, "column": 32 }
      },
      "1": {
        "start": { "line": 2, "column": 13 },
        "end": { "line": 2, "column": 29 }
      },
      "2": {
        "start": { "line": 3, "column": 16 },
        "end": { "line": 3, "column": 40 }
      },
      "3": {
        "start": { "line": 4, "column": 31 },
        "end": { "line": 4, "column": 53 }
      },
      "4": {
        "start": { "line": 7, "column": 0 },
        "end": { "line": 12, "column": 3 }
      },
      "5": {
        "start": { "line": 8, "column": 2 },
        "end": { "line": 11, "column": 3 }
      },
      "6": {
        "start": { "line": 9, "column": 2 },
        "end": { "line": 10, "column": 12 }
      },
      "7": {
        "start": { "line": 14, "column": 0 },
        "end": { "line": 19, "column": 3 }
      },
      "8": {
        "start": { "line": 15, "column": 4 },
        "end": { "line": 18, "column": 5 }
      },
      "9": {
        "start": { "line": 16, "column": 4 },
        "end": { "line": 17, "column": 14 }
      },
      "10": {
        "start": { "line": 21, "column": 0 },
        "end": { "line": 26, "column": 3 }
      },
      "11": {
        "start": { "line": 22, "column": 4 },
        "end": { "line": 25, "column": 5 }
      },
      "12": {
        "start": { "line": 23, "column": 4 },
        "end": { "line": 24, "column": 14 }
      },
      "13": {
        "start": { "line": 28, "column": 0 },
        "end": { "line": 38, "column": 3 }
      },
      "14": {
        "start": { "line": 29, "column": 16 },
        "end": { "line": 29, "column": 30 }
      },
      "15": {
        "start": { "line": 30, "column": 14 },
        "end": { "line": 30, "column": 26 }
      },
      "16": {
        "start": { "line": 31, "column": 17 },
        "end": { "line": 31, "column": 32 }
      },
      "17": {
        "start": { "line": 32, "column": 14 },
        "end": { "line": 32, "column": 26 }
      },
      "18": {
        "start": { "line": 33, "column": 19 },
        "end": { "line": 33, "column": 36 }
      },
      "19": {
        "start": { "line": 34, "column": 4 },
        "end": { "line": 37, "column": 6 }
      },
      "20": {
        "start": { "line": 35, "column": 6 },
        "end": { "line": 35, "column": 103 }
      },
      "21": {
        "start": { "line": 40, "column": 0 },
        "end": { "line": 40, "column": 24 }
      }
    },
    "fnMap": {
      "0": {
        "name": "(anonymous_0)",
        "decl": {
          "start": { "line": 7, "column": 16 },
          "end": { "line": 7, "column": 17 }
        },
        "loc": {
          "start": { "line": 7, "column": 41 },
          "end": { "line": 12, "column": 1 }
        },
        "line": 7
      },
      "1": {
        "name": "(anonymous_1)",
        "decl": {
          "start": { "line": 8, "column": 27 },
          "end": { "line": 8, "column": 28 }
        },
        "loc": {
          "start": { "line": 8, "column": 43 },
          "end": { "line": 11, "column": 1 }
        },
        "line": 8
      },
      "2": {
        "name": "(anonymous_2)",
        "decl": {
          "start": { "line": 14, "column": 25 },
          "end": { "line": 14, "column": 26 }
        },
        "loc": {
          "start": { "line": 14, "column": 51 },
          "end": { "line": 19, "column": 1 }
        },
        "line": 14
      },
      "3": {
        "name": "(anonymous_3)",
        "decl": {
          "start": { "line": 15, "column": 29 },
          "end": { "line": 15, "column": 30 }
        },
        "loc": {
          "start": { "line": 15, "column": 45 },
          "end": { "line": 18, "column": 3 }
        },
        "line": 15
      },
      "4": {
        "name": "(anonymous_4)",
        "decl": {
          "start": { "line": 21, "column": 24 },
          "end": { "line": 21, "column": 25 }
        },
        "loc": {
          "start": { "line": 21, "column": 50 },
          "end": { "line": 26, "column": 1 }
        },
        "line": 21
      },
      "5": {
        "name": "(anonymous_5)",
        "decl": {
          "start": { "line": 22, "column": 29 },
          "end": { "line": 22, "column": 30 }
        },
        "loc": {
          "start": { "line": 22, "column": 45 },
          "end": { "line": 25, "column": 3 }
        },
        "line": 22
      },
      "6": {
        "name": "(anonymous_6)",
        "decl": {
          "start": { "line": 28, "column": 25 },
          "end": { "line": 28, "column": 26 }
        },
        "loc": {
          "start": { "line": 28, "column": 51 },
          "end": { "line": 38, "column": 1 }
        },
        "line": 28
      },
      "7": {
        "name": "(anonymous_7)",
        "decl": {
          "start": { "line": 34, "column": 60 },
          "end": { "line": 34, "column": 61 }
        },
        "loc": {
          "start": { "line": 34, "column": 76 },
          "end": { "line": 36, "column": 5 }
        },
        "line": 34
      }
    },
    "branchMap": {},
    "s": {
      "0": 1,
      "1": 1,
      "2": 1,
      "3": 1,
      "4": 1,
      "5": 0,
      "6": 0,
      "7": 1,
      "8": 0,
      "9": 0,
      "10": 1,
      "11": 0,
      "12": 0,
      "13": 1,
      "14": 0,
      "15": 0,
      "16": 0,
      "17": 0,
      "18": 0,
      "19": 0,
      "20": 0,
      "21": 1
    },
    "f": { "0": 0, "1": 0, "2": 0, "3": 0, "4": 0, "5": 0, "6": 0, "7": 0 },
    "b": {},
    "_coverageSchema": "1a1c01bbd47fc00a2c39e90264f33305004495a9",
    "hash": "4b23baddb709b628e9b7c65e6e85f9acd221d459"
  }
}
