{"C:\\Users\\Alexa\\SR10\\SR10_Website\\website\\app.js": {"path":"C:\\Users\\Alexa\\SR10\\SR10_Website\\website\\app.js","statementMap":{"0":{"start":{"line":1,"column":18},"end":{"line":1,"column":40}},"1":{"start":{"line":2,"column":14},"end":{"line":2,"column":32}},"2":{"start":{"line":3,"column":11},"end":{"line":3,"column":26}},"3":{"start":{"line":4,"column":19},"end":{"line":4,"column":43}},"4":{"start":{"line":5,"column":13},"end":{"line":5,"column":30}},"5":{"start":{"line":6,"column":0},"end":{"line":6,"column":27}},"6":{"start":{"line":8,"column":18},"end":{"line":8,"column":43}},"7":{"start":{"line":9,"column":18},"end":{"line":9,"column":43}},"8":{"start":{"line":10,"column":22},"end":{"line":10,"column":51}},"9":{"start":{"line":12,"column":10},"end":{"line":12,"column":19}},"10":{"start":{"line":15,"column":0},"end":{"line":15,"column":48}},"11":{"start":{"line":16,"column":0},"end":{"line":16,"column":30}},"12":{"start":{"line":18,"column":0},"end":{"line":18,"column":23}},"13":{"start":{"line":19,"column":0},"end":{"line":19,"column":24}},"14":{"start":{"line":20,"column":0},"end":{"line":20,"column":49}},"15":{"start":{"line":21,"column":0},"end":{"line":21,"column":24}},"16":{"start":{"line":22,"column":0},"end":{"line":22,"column":56}},"17":{"start":{"line":24,"column":0},"end":{"line":24,"column":26}},"18":{"start":{"line":25,"column":0},"end":{"line":25,"column":31}},"19":{"start":{"line":26,"column":0},"end":{"line":26,"column":39}},"20":{"start":{"line":29,"column":0},"end":{"line":31,"column":3}},"21":{"start":{"line":30,"column":2},"end":{"line":30,"column":25}},"22":{"start":{"line":34,"column":0},"end":{"line":42,"column":3}},"23":{"start":{"line":36,"column":2},"end":{"line":36,"column":35}},"24":{"start":{"line":37,"column":2},"end":{"line":37,"column":69}},"25":{"start":{"line":40,"column":2},"end":{"line":40,"column":32}},"26":{"start":{"line":41,"column":2},"end":{"line":41,"column":22}},"27":{"start":{"line":44,"column":0},"end":{"line":44,"column":21}}},"fnMap":{"0":{"name":"(anonymous_0)","decl":{"start":{"line":29,"column":8},"end":{"line":29,"column":9}},"loc":{"start":{"line":29,"column":34},"end":{"line":31,"column":1}},"line":29},"1":{"name":"(anonymous_1)","decl":{"start":{"line":34,"column":8},"end":{"line":34,"column":9}},"loc":{"start":{"line":34,"column":39},"end":{"line":42,"column":1}},"line":34}},"branchMap":{"0":{"loc":{"start":{"line":37,"column":21},"end":{"line":37,"column":68}},"type":"cond-expr","locations":[{"start":{"line":37,"column":60},"end":{"line":37,"column":63}},{"start":{"line":37,"column":66},"end":{"line":37,"column":68}}],"line":37},"1":{"loc":{"start":{"line":40,"column":13},"end":{"line":40,"column":30}},"type":"binary-expr","locations":[{"start":{"line":40,"column":13},"end":{"line":40,"column":23}},{"start":{"line":40,"column":27},"end":{"line":40,"column":30}}],"line":40}},"s":{"0":1,"1":1,"2":1,"3":1,"4":1,"5":1,"6":1,"7":1,"8":1,"9":1,"10":1,"11":1,"12":1,"13":1,"14":1,"15":1,"16":1,"17":1,"18":1,"19":1,"20":1,"21":0,"22":1,"23":0,"24":0,"25":0,"26":0,"27":1},"f":{"0":0,"1":0},"b":{"0":[0,0],"1":[0,0]},"_coverageSchema":"1a1c01bbd47fc00a2c39e90264f33305004495a9","hash":"5fd227a272ded0dafd4aadaabecb2de081536b6d"}
,"C:\\Users\\Alexa\\SR10\\SR10_Website\\website\\model\\db.js": {"path":"C:\\Users\\Alexa\\SR10\\SR10_Website\\website\\model\\db.js","statementMap":{"0":{"start":{"line":1,"column":12},"end":{"line":1,"column":28}},"1":{"start":{"line":2,"column":0},"end":{"line":2,"column":27}},"2":{"start":{"line":3,"column":11},"end":{"line":8,"column":2}},"3":{"start":{"line":9,"column":0},"end":{"line":9,"column":22}}},"fnMap":{},"branchMap":{},"s":{"0":2,"1":2,"2":2,"3":2},"f":{},"b":{},"_coverageSchema":"1a1c01bbd47fc00a2c39e90264f33305004495a9","hash":"a036854b2f67ccc6284b0a99bf20de648bdfaae7"}
,"C:\\Users\\Alexa\\SR10\\SR10_Website\\website\\model\\offer.js": {"path":"C:\\Users\\Alexa\\SR10\\SR10_Website\\website\\model\\offer.js","statementMap":{"0":{"start":{"line":1,"column":9},"end":{"line":1,"column":27}},"1":{"start":{"line":2,"column":0},"end":{"line":36,"column":2}},"2":{"start":{"line":4,"column":4},"end":{"line":11,"column":6}},"3":{"start":{"line":8,"column":8},"end":{"line":8,"column":27}},"4":{"start":{"line":8,"column":17},"end":{"line":8,"column":27}},"5":{"start":{"line":9,"column":8},"end":{"line":9,"column":26}},"6":{"start":{"line":15,"column":4},"end":{"line":22,"column":6}},"7":{"start":{"line":19,"column":8},"end":{"line":19,"column":27}},"8":{"start":{"line":19,"column":17},"end":{"line":19,"column":27}},"9":{"start":{"line":20,"column":8},"end":{"line":20,"column":26}},"10":{"start":{"line":26,"column":4},"end":{"line":26,"column":61}},"11":{"start":{"line":27,"column":4},"end":{"line":34,"column":7}},"12":{"start":{"line":28,"column":6},"end":{"line":28,"column":25}},"13":{"start":{"line":28,"column":15},"end":{"line":28,"column":25}},"14":{"start":{"line":29,"column":6},"end":{"line":33,"column":7}},"15":{"start":{"line":30,"column":8},"end":{"line":30,"column":23}},"16":{"start":{"line":32,"column":8},"end":{"line":32,"column":24}}},"fnMap":{"0":{"name":"(anonymous_0)","decl":{"start":{"line":3,"column":8},"end":{"line":3,"column":9}},"loc":{"start":{"line":3,"column":32},"end":{"line":12,"column":3}},"line":3},"1":{"name":"(anonymous_1)","decl":{"start":{"line":7,"column":6},"end":{"line":7,"column":7}},"loc":{"start":{"line":7,"column":30},"end":{"line":10,"column":7}},"line":7},"2":{"name":"(anonymous_2)","decl":{"start":{"line":14,"column":11},"end":{"line":14,"column":12}},"loc":{"start":{"line":14,"column":38},"end":{"line":23,"column":3}},"line":14},"3":{"name":"(anonymous_3)","decl":{"start":{"line":18,"column":6},"end":{"line":18,"column":7}},"loc":{"start":{"line":18,"column":30},"end":{"line":21,"column":7}},"line":18},"4":{"name":"(anonymous_4)","decl":{"start":{"line":25,"column":12},"end":{"line":25,"column":13}},"loc":{"start":{"line":25,"column":49},"end":{"line":35,"column":3}},"line":25},"5":{"name":"(anonymous_5)","decl":{"start":{"line":27,"column":32},"end":{"line":27,"column":33}},"loc":{"start":{"line":27,"column":56},"end":{"line":34,"column":5}},"line":27}},"branchMap":{"0":{"loc":{"start":{"line":8,"column":8},"end":{"line":8,"column":27}},"type":"if","locations":[{"start":{"line":8,"column":8},"end":{"line":8,"column":27}},{"start":{},"end":{}}],"line":8},"1":{"loc":{"start":{"line":19,"column":8},"end":{"line":19,"column":27}},"type":"if","locations":[{"start":{"line":19,"column":8},"end":{"line":19,"column":27}},{"start":{},"end":{}}],"line":19},"2":{"loc":{"start":{"line":28,"column":6},"end":{"line":28,"column":25}},"type":"if","locations":[{"start":{"line":28,"column":6},"end":{"line":28,"column":25}},{"start":{},"end":{}}],"line":28},"3":{"loc":{"start":{"line":29,"column":6},"end":{"line":33,"column":7}},"type":"if","locations":[{"start":{"line":29,"column":6},"end":{"line":33,"column":7}},{"start":{"line":31,"column":13},"end":{"line":33,"column":7}}],"line":29},"4":{"loc":{"start":{"line":29,"column":10},"end":{"line":29,"column":54}},"type":"binary-expr","locations":[{"start":{"line":29,"column":10},"end":{"line":29,"column":26}},{"start":{"line":29,"column":30},"end":{"line":29,"column":54}}],"line":29}},"s":{"0":1,"1":1,"2":0,"3":0,"4":0,"5":0,"6":0,"7":0,"8":0,"9":0,"10":0,"11":0,"12":0,"13":0,"14":0,"15":0,"16":0},"f":{"0":0,"1":0,"2":0,"3":0,"4":0,"5":0},"b":{"0":[0,0],"1":[0,0],"2":[0,0],"3":[0,0],"4":[0,0]},"_coverageSchema":"1a1c01bbd47fc00a2c39e90264f33305004495a9","hash":"10b51cd4de5f2c59a5191c8538bff5c0a5966ef5"}
,"C:\\Users\\Alexa\\SR10\\SR10_Website\\website\\model\\recruteur.js": {"path":"C:\\Users\\Alexa\\SR10\\SR10_Website\\website\\model\\recruteur.js","statementMap":{"0":{"start":{"line":1,"column":9},"end":{"line":1,"column":27}},"1":{"start":{"line":2,"column":0},"end":{"line":46,"column":2}},"2":{"start":{"line":4,"column":4},"end":{"line":11,"column":6}},"3":{"start":{"line":8,"column":8},"end":{"line":8,"column":27}},"4":{"start":{"line":8,"column":17},"end":{"line":8,"column":27}},"5":{"start":{"line":9,"column":8},"end":{"line":9,"column":26}},"6":{"start":{"line":14,"column":4},"end":{"line":21,"column":6}},"7":{"start":{"line":18,"column":8},"end":{"line":18,"column":27}},"8":{"start":{"line":18,"column":17},"end":{"line":18,"column":27}},"9":{"start":{"line":19,"column":8},"end":{"line":19,"column":26}},"10":{"start":{"line":25,"column":4},"end":{"line":33,"column":6}},"11":{"start":{"line":30,"column":8},"end":{"line":30,"column":27}},"12":{"start":{"line":30,"column":17},"end":{"line":30,"column":27}},"13":{"start":{"line":31,"column":8},"end":{"line":31,"column":26}},"14":{"start":{"line":37,"column":4},"end":{"line":44,"column":6}},"15":{"start":{"line":41,"column":8},"end":{"line":41,"column":27}},"16":{"start":{"line":41,"column":17},"end":{"line":41,"column":27}},"17":{"start":{"line":42,"column":8},"end":{"line":42,"column":26}}},"fnMap":{"0":{"name":"(anonymous_0)","decl":{"start":{"line":3,"column":20},"end":{"line":3,"column":21}},"loc":{"start":{"line":3,"column":48},"end":{"line":12,"column":3}},"line":3},"1":{"name":"(anonymous_1)","decl":{"start":{"line":7,"column":6},"end":{"line":7,"column":7}},"loc":{"start":{"line":7,"column":30},"end":{"line":10,"column":7}},"line":7},"2":{"name":"(anonymous_2)","decl":{"start":{"line":13,"column":20},"end":{"line":13,"column":21}},"loc":{"start":{"line":13,"column":44},"end":{"line":22,"column":3}},"line":13},"3":{"name":"(anonymous_3)","decl":{"start":{"line":17,"column":6},"end":{"line":17,"column":7}},"loc":{"start":{"line":17,"column":30},"end":{"line":20,"column":7}},"line":17},"4":{"name":"(anonymous_4)","decl":{"start":{"line":24,"column":19},"end":{"line":24,"column":20}},"loc":{"start":{"line":24,"column":60},"end":{"line":34,"column":3}},"line":24},"5":{"name":"(anonymous_5)","decl":{"start":{"line":29,"column":6},"end":{"line":29,"column":7}},"loc":{"start":{"line":29,"column":30},"end":{"line":32,"column":7}},"line":29},"6":{"name":"(anonymous_6)","decl":{"start":{"line":36,"column":22},"end":{"line":36,"column":23}},"loc":{"start":{"line":36,"column":46},"end":{"line":45,"column":3}},"line":36},"7":{"name":"(anonymous_7)","decl":{"start":{"line":40,"column":6},"end":{"line":40,"column":7}},"loc":{"start":{"line":40,"column":30},"end":{"line":43,"column":7}},"line":40}},"branchMap":{"0":{"loc":{"start":{"line":8,"column":8},"end":{"line":8,"column":27}},"type":"if","locations":[{"start":{"line":8,"column":8},"end":{"line":8,"column":27}},{"start":{},"end":{}}],"line":8},"1":{"loc":{"start":{"line":18,"column":8},"end":{"line":18,"column":27}},"type":"if","locations":[{"start":{"line":18,"column":8},"end":{"line":18,"column":27}},{"start":{},"end":{}}],"line":18},"2":{"loc":{"start":{"line":30,"column":8},"end":{"line":30,"column":27}},"type":"if","locations":[{"start":{"line":30,"column":8},"end":{"line":30,"column":27}},{"start":{},"end":{}}],"line":30},"3":{"loc":{"start":{"line":41,"column":8},"end":{"line":41,"column":27}},"type":"if","locations":[{"start":{"line":41,"column":8},"end":{"line":41,"column":27}},{"start":{},"end":{}}],"line":41}},"s":{"0":1,"1":1,"2":0,"3":0,"4":0,"5":0,"6":0,"7":0,"8":0,"9":0,"10":0,"11":0,"12":0,"13":0,"14":0,"15":0,"16":0,"17":0},"f":{"0":0,"1":0,"2":0,"3":0,"4":0,"5":0,"6":0,"7":0},"b":{"0":[0,0],"1":[0,0],"2":[0,0],"3":[0,0]},"_coverageSchema":"1a1c01bbd47fc00a2c39e90264f33305004495a9","hash":"d92a9098364f59776a1025bb8998e5cc7bdacc64"}
,"C:\\Users\\Alexa\\SR10\\SR10_Website\\website\\model\\user.js": {"path":"C:\\Users\\Alexa\\SR10\\SR10_Website\\website\\model\\user.js","statementMap":{"0":{"start":{"line":1,"column":9},"end":{"line":1,"column":27}},"1":{"start":{"line":2,"column":0},"end":{"line":40,"column":2}},"2":{"start":{"line":4,"column":4},"end":{"line":11,"column":6}},"3":{"start":{"line":8,"column":8},"end":{"line":8,"column":27}},"4":{"start":{"line":8,"column":17},"end":{"line":8,"column":27}},"5":{"start":{"line":9,"column":8},"end":{"line":9,"column":26}},"6":{"start":{"line":14,"column":4},"end":{"line":17,"column":7}},"7":{"start":{"line":15,"column":6},"end":{"line":15,"column":25}},"8":{"start":{"line":15,"column":15},"end":{"line":15,"column":25}},"9":{"start":{"line":16,"column":6},"end":{"line":16,"column":24}},"10":{"start":{"line":20,"column":4},"end":{"line":20,"column":61}},"11":{"start":{"line":21,"column":4},"end":{"line":28,"column":7}},"12":{"start":{"line":22,"column":6},"end":{"line":22,"column":25}},"13":{"start":{"line":22,"column":15},"end":{"line":22,"column":25}},"14":{"start":{"line":23,"column":6},"end":{"line":27,"column":7}},"15":{"start":{"line":24,"column":8},"end":{"line":24,"column":23}},"16":{"start":{"line":26,"column":8},"end":{"line":26,"column":24}},"17":{"start":{"line":31,"column":4},"end":{"line":38,"column":6}},"18":{"start":{"line":35,"column":8},"end":{"line":35,"column":27}},"19":{"start":{"line":35,"column":17},"end":{"line":35,"column":27}},"20":{"start":{"line":36,"column":8},"end":{"line":36,"column":23}}},"fnMap":{"0":{"name":"(anonymous_0)","decl":{"start":{"line":3,"column":8},"end":{"line":3,"column":9}},"loc":{"start":{"line":3,"column":35},"end":{"line":12,"column":3}},"line":3},"1":{"name":"(anonymous_1)","decl":{"start":{"line":7,"column":6},"end":{"line":7,"column":7}},"loc":{"start":{"line":7,"column":30},"end":{"line":10,"column":7}},"line":7},"2":{"name":"(anonymous_2)","decl":{"start":{"line":13,"column":11},"end":{"line":13,"column":12}},"loc":{"start":{"line":13,"column":31},"end":{"line":18,"column":3}},"line":13},"3":{"name":"(anonymous_3)","decl":{"start":{"line":14,"column":42},"end":{"line":14,"column":43}},"loc":{"start":{"line":14,"column":66},"end":{"line":17,"column":5}},"line":14},"4":{"name":"(anonymous_4)","decl":{"start":{"line":19,"column":12},"end":{"line":19,"column":13}},"loc":{"start":{"line":19,"column":49},"end":{"line":29,"column":3}},"line":19},"5":{"name":"(anonymous_5)","decl":{"start":{"line":21,"column":32},"end":{"line":21,"column":33}},"loc":{"start":{"line":21,"column":56},"end":{"line":28,"column":5}},"line":21},"6":{"name":"(anonymous_6)","decl":{"start":{"line":30,"column":10},"end":{"line":30,"column":11}},"loc":{"start":{"line":30,"column":65},"end":{"line":39,"column":3}},"line":30},"7":{"name":"(anonymous_7)","decl":{"start":{"line":34,"column":6},"end":{"line":34,"column":7}},"loc":{"start":{"line":34,"column":30},"end":{"line":37,"column":7}},"line":34}},"branchMap":{"0":{"loc":{"start":{"line":8,"column":8},"end":{"line":8,"column":27}},"type":"if","locations":[{"start":{"line":8,"column":8},"end":{"line":8,"column":27}},{"start":{},"end":{}}],"line":8},"1":{"loc":{"start":{"line":15,"column":6},"end":{"line":15,"column":25}},"type":"if","locations":[{"start":{"line":15,"column":6},"end":{"line":15,"column":25}},{"start":{},"end":{}}],"line":15},"2":{"loc":{"start":{"line":22,"column":6},"end":{"line":22,"column":25}},"type":"if","locations":[{"start":{"line":22,"column":6},"end":{"line":22,"column":25}},{"start":{},"end":{}}],"line":22},"3":{"loc":{"start":{"line":23,"column":6},"end":{"line":27,"column":7}},"type":"if","locations":[{"start":{"line":23,"column":6},"end":{"line":27,"column":7}},{"start":{"line":25,"column":13},"end":{"line":27,"column":7}}],"line":23},"4":{"loc":{"start":{"line":23,"column":10},"end":{"line":23,"column":54}},"type":"binary-expr","locations":[{"start":{"line":23,"column":10},"end":{"line":23,"column":26}},{"start":{"line":23,"column":30},"end":{"line":23,"column":54}}],"line":23},"5":{"loc":{"start":{"line":35,"column":8},"end":{"line":35,"column":27}},"type":"if","locations":[{"start":{"line":35,"column":8},"end":{"line":35,"column":27}},{"start":{},"end":{}}],"line":35}},"s":{"0":2,"1":2,"2":1,"3":1,"4":0,"5":1,"6":0,"7":0,"8":0,"9":0,"10":0,"11":0,"12":0,"13":0,"14":0,"15":0,"16":0,"17":0,"18":0,"19":0,"20":0},"f":{"0":1,"1":1,"2":0,"3":0,"4":0,"5":0,"6":0,"7":0},"b":{"0":[0,1],"1":[0,0],"2":[0,0],"3":[0,0],"4":[0,0],"5":[0,0]},"_coverageSchema":"1a1c01bbd47fc00a2c39e90264f33305004495a9","hash":"91364552fd5d31772c59bbee3cee2b0b80bc8fa0"}
,"C:\\Users\\Alexa\\SR10\\SR10_Website\\website\\routes\\index.js": {"path":"C:\\Users\\Alexa\\SR10\\SR10_Website\\website\\routes\\index.js","statementMap":{"0":{"start":{"line":1,"column":14},"end":{"line":1,"column":32}},"1":{"start":{"line":2,"column":13},"end":{"line":2,"column":29}},"2":{"start":{"line":5,"column":0},"end":{"line":7,"column":3}},"3":{"start":{"line":6,"column":2},"end":{"line":6,"column":44}},"4":{"start":{"line":9,"column":0},"end":{"line":11,"column":3}},"5":{"start":{"line":10,"column":2},"end":{"line":10,"column":44}},"6":{"start":{"line":13,"column":0},"end":{"line":13,"column":24}}},"fnMap":{"0":{"name":"(anonymous_0)","decl":{"start":{"line":5,"column":16},"end":{"line":5,"column":17}},"loc":{"start":{"line":5,"column":42},"end":{"line":7,"column":1}},"line":5},"1":{"name":"(anonymous_1)","decl":{"start":{"line":9,"column":21},"end":{"line":9,"column":22}},"loc":{"start":{"line":9,"column":47},"end":{"line":11,"column":1}},"line":9}},"branchMap":{},"s":{"0":1,"1":1,"2":1,"3":1,"4":1,"5":0,"6":1},"f":{"0":1,"1":0},"b":{},"_coverageSchema":"1a1c01bbd47fc00a2c39e90264f33305004495a9","hash":"cb04246bb9907c96ad402fd5df23edbb45535e47"}
,"C:\\Users\\Alexa\\SR10\\SR10_Website\\website\\routes\\recruteur.js": {"path":"C:\\Users\\Alexa\\SR10\\SR10_Website\\website\\routes\\recruteur.js","statementMap":{"0":{"start":{"line":1,"column":14},"end":{"line":1,"column":32}},"1":{"start":{"line":2,"column":13},"end":{"line":2,"column":29}},"2":{"start":{"line":3,"column":21},"end":{"line":3,"column":50}},"3":{"start":{"line":4,"column":17},"end":{"line":4,"column":42}},"4":{"start":{"line":5,"column":18},"end":{"line":5,"column":47}},"5":{"start":{"line":7,"column":0},"end":{"line":9,"column":3}},"6":{"start":{"line":8,"column":2},"end":{"line":8,"column":76}},"7":{"start":{"line":11,"column":0},"end":{"line":18,"column":3}},"8":{"start":{"line":12,"column":2},"end":{"line":17,"column":5}},"9":{"start":{"line":13,"column":4},"end":{"line":16,"column":7}},"10":{"start":{"line":22,"column":0},"end":{"line":29,"column":3}},"11":{"start":{"line":23,"column":2},"end":{"line":28,"column":5}},"12":{"start":{"line":24,"column":4},"end":{"line":27,"column":7}},"13":{"start":{"line":31,"column":0},"end":{"line":39,"column":3}},"14":{"start":{"line":32,"column":2},"end":{"line":32,"column":53}},"15":{"start":{"line":33,"column":2},"end":{"line":38,"column":5}},"16":{"start":{"line":34,"column":4},"end":{"line":37,"column":7}},"17":{"start":{"line":41,"column":0},"end":{"line":41,"column":24}}},"fnMap":{"0":{"name":"(anonymous_0)","decl":{"start":{"line":7,"column":33},"end":{"line":7,"column":34}},"loc":{"start":{"line":7,"column":59},"end":{"line":9,"column":1}},"line":7},"1":{"name":"(anonymous_1)","decl":{"start":{"line":11,"column":35},"end":{"line":11,"column":36}},"loc":{"start":{"line":11,"column":61},"end":{"line":18,"column":1}},"line":11},"2":{"name":"(anonymous_2)","decl":{"start":{"line":12,"column":57},"end":{"line":12,"column":58}},"loc":{"start":{"line":12,"column":75},"end":{"line":17,"column":3}},"line":12},"3":{"name":"(anonymous_3)","decl":{"start":{"line":22,"column":24},"end":{"line":22,"column":25}},"loc":{"start":{"line":22,"column":50},"end":{"line":29,"column":1}},"line":22},"4":{"name":"(anonymous_4)","decl":{"start":{"line":23,"column":48},"end":{"line":23,"column":49}},"loc":{"start":{"line":23,"column":66},"end":{"line":28,"column":3}},"line":23},"5":{"name":"(anonymous_5)","decl":{"start":{"line":31,"column":30},"end":{"line":31,"column":31}},"loc":{"start":{"line":31,"column":56},"end":{"line":39,"column":1}},"line":31},"6":{"name":"(anonymous_6)","decl":{"start":{"line":33,"column":40},"end":{"line":33,"column":41}},"loc":{"start":{"line":33,"column":58},"end":{"line":38,"column":3}},"line":33}},"branchMap":{},"s":{"0":1,"1":1,"2":1,"3":1,"4":1,"5":1,"6":0,"7":1,"8":0,"9":0,"10":1,"11":0,"12":0,"13":1,"14":0,"15":0,"16":0,"17":1},"f":{"0":0,"1":0,"2":0,"3":0,"4":0,"5":0,"6":0},"b":{},"_coverageSchema":"1a1c01bbd47fc00a2c39e90264f33305004495a9","hash":"660f7e79f7c69a586b04dfbca89c0ab7feae9784"}
,"C:\\Users\\Alexa\\SR10\\SR10_Website\\website\\routes\\users.js": {"path":"C:\\Users\\Alexa\\SR10\\SR10_Website\\website\\routes\\users.js","statementMap":{"0":{"start":{"line":1,"column":14},"end":{"line":1,"column":32}},"1":{"start":{"line":2,"column":13},"end":{"line":2,"column":29}},"2":{"start":{"line":3,"column":16},"end":{"line":3,"column":40}},"3":{"start":{"line":4,"column":31},"end":{"line":4,"column":53}},"4":{"start":{"line":7,"column":0},"end":{"line":11,"column":3}},"5":{"start":{"line":8,"column":2},"end":{"line":10,"column":5}},"6":{"start":{"line":9,"column":4},"end":{"line":9,"column":79}},"7":{"start":{"line":13,"column":0},"end":{"line":20,"column":3}},"8":{"start":{"line":14,"column":2},"end":{"line":19,"column":5}},"9":{"start":{"line":15,"column":4},"end":{"line":18,"column":7}},"10":{"start":{"line":22,"column":0},"end":{"line":29,"column":3}},"11":{"start":{"line":23,"column":2},"end":{"line":28,"column":5}},"12":{"start":{"line":24,"column":4},"end":{"line":27,"column":7}},"13":{"start":{"line":31,"column":0},"end":{"line":50,"column":3}},"14":{"start":{"line":32,"column":14},"end":{"line":32,"column":28}},"15":{"start":{"line":33,"column":12},"end":{"line":33,"column":24}},"16":{"start":{"line":34,"column":15},"end":{"line":34,"column":30}},"17":{"start":{"line":35,"column":12},"end":{"line":35,"column":24}},"18":{"start":{"line":36,"column":17},"end":{"line":36,"column":34}},"19":{"start":{"line":37,"column":2},"end":{"line":49,"column":4}},"20":{"start":{"line":44,"column":6},"end":{"line":47,"column":9}},"21":{"start":{"line":52,"column":0},"end":{"line":52,"column":24}}},"fnMap":{"0":{"name":"(anonymous_0)","decl":{"start":{"line":7,"column":16},"end":{"line":7,"column":17}},"loc":{"start":{"line":7,"column":42},"end":{"line":11,"column":1}},"line":7},"1":{"name":"(anonymous_1)","decl":{"start":{"line":8,"column":29},"end":{"line":8,"column":30}},"loc":{"start":{"line":8,"column":47},"end":{"line":10,"column":3}},"line":8},"2":{"name":"(anonymous_2)","decl":{"start":{"line":13,"column":25},"end":{"line":13,"column":26}},"loc":{"start":{"line":13,"column":51},"end":{"line":20,"column":1}},"line":13},"3":{"name":"(anonymous_3)","decl":{"start":{"line":14,"column":29},"end":{"line":14,"column":30}},"loc":{"start":{"line":14,"column":47},"end":{"line":19,"column":3}},"line":14},"4":{"name":"(anonymous_4)","decl":{"start":{"line":22,"column":24},"end":{"line":22,"column":25}},"loc":{"start":{"line":22,"column":50},"end":{"line":29,"column":1}},"line":22},"5":{"name":"(anonymous_5)","decl":{"start":{"line":23,"column":29},"end":{"line":23,"column":30}},"loc":{"start":{"line":23,"column":47},"end":{"line":28,"column":3}},"line":23},"6":{"name":"(anonymous_6)","decl":{"start":{"line":31,"column":25},"end":{"line":31,"column":26}},"loc":{"start":{"line":31,"column":51},"end":{"line":50,"column":1}},"line":31},"7":{"name":"(anonymous_7)","decl":{"start":{"line":43,"column":4},"end":{"line":43,"column":5}},"loc":{"start":{"line":43,"column":22},"end":{"line":48,"column":5}},"line":43}},"branchMap":{},"s":{"0":1,"1":1,"2":1,"3":1,"4":1,"5":0,"6":0,"7":1,"8":0,"9":0,"10":1,"11":0,"12":0,"13":1,"14":0,"15":0,"16":0,"17":0,"18":0,"19":0,"20":0,"21":1},"f":{"0":0,"1":0,"2":0,"3":0,"4":0,"5":0,"6":0,"7":0},"b":{},"_coverageSchema":"1a1c01bbd47fc00a2c39e90264f33305004495a9","hash":"1e115a9ba4a33ca579b8687451143e4e239ef5a7"}
}
